<?xml version="1.0" encoding="UTF-8"?>
<!-- Generated by org.testng.reporters.JUnitXMLReporter -->
<testsuite ignored="0" hostname="LAPTOP-KMLSJNFK" failures="0" tests="3" name="Test" time="0.055" errors="0" timestamp="2021-04-22T18:15:39 EDT">
  <testcase classname="com.osa.base.Base" name="@BeforeMethod beforeMethod" time="-1.619129739874E9">
    <failure type="org.testng.TestNGException" message="
Parameter &amp;apos;browser&amp;apos; is required by BeforeMethod on method beforeMethod but has not been marked @Optional or defined
in C:\Users\Md Obaidulla\Desktop\Batch9\DDDFramework\regression.xml">
      <![CDATA[org.testng.TestNGException: 
Parameter 'browser' is required by BeforeMethod on method beforeMethod but has not been marked @Optional or defined
in C:\Users\Md Obaidulla\Desktop\Batch9\DDDFramework\regression.xml
at java.base/java.util.ArrayList.forEach(ArrayList.java:1511)
... Removed 28 stack frames]]>
    </failure>
  </testcase> <!-- @BeforeMethod beforeMethod -->
  <testcase classname="com.osa.base.Base" name="@AfterMethod afterClass" time="-1.619129739886E9">
    <skipped/>
  </testcase> <!-- @AfterMethod afterClass -->
  <testcase classname="com.osa.base.Base" name="@BeforeMethod beforeMethod" time="-1.619129739889E9">
    <skipped/>
  </testcase> <!-- @BeforeMethod beforeMethod -->
  <testcase classname="com.osa.base.Base" name="@AfterMethod afterClass" time="-1.619129739893E9">
    <skipped/>
  </testcase> <!-- @AfterMethod afterClass -->
  <testcase classname="com.osa.base.Base" name="@BeforeMethod beforeMethod" time="-1.619129739894E9">
    <skipped/>
  </testcase> <!-- @BeforeMethod beforeMethod -->
  <testcase classname="com.osa.base.Base" name="@AfterMethod afterClass" time="-1.6191297399E9">
    <skipped/>
  </testcase> <!-- @AfterMethod afterClass -->
  <testcase classname="com.osa.test.HomePage" name="verifyForumLogin" time="0.0">
    <skipped/>
  </testcase> <!-- verifyForumLogin -->
  <testcase classname="com.osa.test.HomePage" name="verifyForumPageTitle" time="0.0">
    <skipped/>
  </testcase> <!-- verifyForumPageTitle -->
  <testcase classname="com.osa.test.HomePage" name="verifyHomePageTitle" time="0.0">
    <skipped/>
  </testcase> <!-- verifyHomePageTitle -->
</testsuite> <!-- Test -->
